Warnings:
---------
1 shift/reduce conflict and 1 reduce/reduce conflict
Conflicts:
----------
State 1 contains 1 shift/reduce conflict and 1 reduce/reduce conflict

Rules:
------
0:	$start -> st $end
1:	st -> AorC s
2:	s -> aeqb
3:	s -> beqc
4:	aeqb -> ab cs
5:	ab -> /* empty */
6:	ab -> 'a' ab 'b'
7:	cs -> /* empty */
8:	cs -> cs 'c'
9:	beqc -> as bc
10:	bc -> /* empty */
11:	bc -> 'b' bc 'c'
12:	as -> /* empty */
13:	as -> as 'a'
14:	AorC -> /* empty */

States:
-------
State 0:

	$start -> . st $end	(Rule 0)

	$default	reduce using rule 14 (AorC)

	AorC	go to state 1
	st	go to state 2

State 1:

	st -> AorC . s	(Rule 1)

	'a'	shift, and go to state 6

	$end	[reduce using rule 12 (as)]
	$end	reduce using rule 5 (ab)
	'a'	[reduce using rule 12 (as)]
	'b'	reduce using rule 12 (as)
	'c'	reduce using rule 5 (ab)

	aeqb	go to state 4
	ab	go to state 3
	as	go to state 5
	beqc	go to state 7
	s	go to state 8

State 2:

	$start -> st . $end	(Rule 0)

	$end	shift, and go to state 9

State 3:

	aeqb -> ab . cs	(Rule 4)

	$default	reduce using rule 7 (cs)

	cs	go to state 10

State 4:

	s -> aeqb .	(Rule 2)

	$default	reduce using rule 2 (s)

State 5:

	beqc -> as . bc	(Rule 9)
	as -> as . 'a'	(Rule 13)

	'a'	shift, and go to state 12
	'b'	shift, and go to state 11

	$end	reduce using rule 10 (bc)

	bc	go to state 13

State 6:

	ab -> 'a' . ab 'b'	(Rule 6)

	'a'	shift, and go to state 6

	'b'	reduce using rule 5 (ab)

	ab	go to state 14

State 7:

	s -> beqc .	(Rule 3)

	$default	reduce using rule 3 (s)

State 8:

	st -> AorC s .	(Rule 1)

	$default	reduce using rule 1 (st)

State 9:

	$start -> st $end .	(Rule 0)

	$default	accept

State 10:

	aeqb -> ab cs .	(Rule 4)
	cs -> cs . 'c'	(Rule 8)

	'c'	shift, and go to state 15

	$end	reduce using rule 4 (aeqb)

State 11:

	bc -> 'b' . bc 'c'	(Rule 11)

	'b'	shift, and go to state 11

	'c'	reduce using rule 10 (bc)

	bc	go to state 16

State 12:

	as -> as 'a' .	(Rule 13)

	$default	reduce using rule 13 (as)

State 13:

	beqc -> as bc .	(Rule 9)

	$default	reduce using rule 9 (beqc)

State 14:

	ab -> 'a' ab . 'b'	(Rule 6)

	'b'	shift, and go to state 17

State 15:

	cs -> cs 'c' .	(Rule 8)

	$default	reduce using rule 8 (cs)

State 16:

	bc -> 'b' bc . 'c'	(Rule 11)

	'c'	shift, and go to state 18

State 17:

	ab -> 'a' ab 'b' .	(Rule 6)

	$default	reduce using rule 6 (ab)

State 18:

	bc -> 'b' bc 'c' .	(Rule 11)

	$default	reduce using rule 11 (bc)


Summary:
--------
Number of rules         : 15
Number of terminals     : 4
Number of non-terminals : 10
Number of states        : 19
