Warnings:
---------
1 shift/reduce conflict 
Conflicts:
----------
State 2 contains 1 shift/reduce conflict

Rules:
------
0:	$start -> p $end
1:	p -> ds ';' ss
2:	p -> ss
3:	ds -> D ';' ds
4:	ds -> D
5:	ss -> S ';' ss
6:	ss -> S

States:
-------
State 0:

	$start -> . p $end	(Rule 0)

	D	shift, and go to state 2
	S	shift, and go to state 3

	ds	go to state 5
	p	go to state 1
	ss	go to state 4

State 1:

	$start -> p . $end	(Rule 0)

	$end	shift, and go to state 6

State 2:

	ds -> D . ';' ds	(Rule 3)
	ds -> D .	(Rule 4)

	';'	shift, and go to state 7

	';'	[reduce using rule 4 (ds)]

State 3:

	ss -> S . ';' ss	(Rule 5)
	ss -> S .	(Rule 6)

	';'	shift, and go to state 8

	$end	reduce using rule 6 (ss)

State 4:

	p -> ss .	(Rule 2)

	$default	reduce using rule 2 (p)

State 5:

	p -> ds . ';' ss	(Rule 1)

	';'	shift, and go to state 9

State 6:

	$start -> p $end .	(Rule 0)

	$default	accept

State 7:

	ds -> D ';' . ds	(Rule 3)

	D	shift, and go to state 2

	ds	go to state 10

State 8:

	ss -> S ';' . ss	(Rule 5)

	S	shift, and go to state 3

	ss	go to state 11

State 9:

	p -> ds ';' . ss	(Rule 1)

	S	shift, and go to state 3

	ss	go to state 12

State 10:

	ds -> D ';' ds .	(Rule 3)

	$default	reduce using rule 3 (ds)

State 11:

	ss -> S ';' ss .	(Rule 5)

	$default	reduce using rule 5 (ss)

State 12:

	p -> ds ';' ss .	(Rule 1)

	$default	reduce using rule 1 (p)


Summary:
--------
Number of rules         : 7
Number of terminals     : 4
Number of non-terminals : 4
Number of states        : 13
