Warnings:
---------
1 shift/reduce conflict 
Conflicts:
----------
State 6 contains 1 shift/reduce conflict

Rules:
------
0:	$start -> T $end
1:	T -> isInTheMiddle S
2:	S -> x S x
3:	S -> x
4:	x -> NUM
5:	x -> x OP NUM
6:	isInTheMiddle -> /* empty */

States:
-------
State 0:

	$start -> . T $end	(Rule 0)

	$default	reduce using rule 6 (isInTheMiddle)

	T	go to state 1
	isInTheMiddle	go to state 2

State 1:

	$start -> T . $end	(Rule 0)

	$end	shift, and go to state 3

State 2:

	T -> isInTheMiddle . S	(Rule 1)

	NUM	shift, and go to state 4

	S	go to state 5
	x	go to state 6

State 3:

	$start -> T $end .	(Rule 0)

	$default	accept

State 4:

	x -> NUM .	(Rule 4)

	$default	reduce using rule 4 (x)

State 5:

	T -> isInTheMiddle S .	(Rule 1)

	$default	reduce using rule 1 (T)

State 6:

	S -> x . S x	(Rule 2)
	S -> x .	(Rule 3)
	x -> x . OP NUM	(Rule 5)

	NUM	shift, and go to state 4
	OP	shift, and go to state 8

	$end	reduce using rule 3 (S)
	NUM	[reduce using rule 3 (S)]

	S	go to state 7
	x	go to state 6

State 7:

	S -> x S . x	(Rule 2)

	NUM	shift, and go to state 4

	x	go to state 9

State 8:

	x -> x OP . NUM	(Rule 5)

	NUM	shift, and go to state 10

State 9:

	S -> x S x .	(Rule 2)
	x -> x . OP NUM	(Rule 5)

	OP	shift, and go to state 8

	$end	reduce using rule 2 (S)
	NUM	reduce using rule 2 (S)

State 10:

	x -> x OP NUM .	(Rule 5)

	$default	reduce using rule 5 (x)


Summary:
--------
Number of rules         : 7
Number of terminals     : 3
Number of non-terminals : 5
Number of states        : 11
