Rules:
------
0:	$start -> NUM $end
1:	NUM -> /* empty */
2:	NUM -> NUM 'NUM'

States:
-------
State 0:

	$start -> . NUM $end	(Rule 0)

	$default	reduce using rule 1 (NUM)

	NUM	go to state 1

State 1:

	$start -> NUM . $end	(Rule 0)
	NUM -> NUM . 'NUM'	(Rule 2)

	$end	shift, and go to state 2
	'NUM'	shift, and go to state 3

State 2:

	$start -> NUM $end .	(Rule 0)

	$default	accept

State 3:

	NUM -> NUM 'NUM' .	(Rule 2)

	$default	reduce using rule 2 (NUM)


Summary:
--------
Number of rules         : 3
Number of terminals     : 2
Number of non-terminals : 2
Number of states        : 4
