Warnings:
---------
Unused terminals:

	C, declared line 20
	B, declared line 2

Useless non-terminals:

	b, declared line 26
	s, declared line 20

Useless rules:

	s -> 
	s -> a b
	s -> C
	b -> B


Rules:
------
0:	$start -> a $end
1:	a -> a A
2:	a -> A

States:
-------
State 0:

	$start -> . a $end	(Rule 0)

	A	shift, and go to state 1

	a	go to state 2

State 1:

	a -> A .	(Rule 2)

	$default	reduce using rule 2 (a)

State 2:

	$start -> a . $end	(Rule 0)
	a -> a . A	(Rule 1)

		shift, and go to state 4
	A	shift, and go to state 3

State 3:

	a -> a A .	(Rule 1)

	$default	reduce using rule 1 (a)

State 4:

	$start -> a $end .	(Rule 0)

	$default	accept


Summary:
--------
Number of rules         : 3
Number of terminals     : 2
Number of non-terminals : 2
Number of states        : 5
