Warnings:
---------
3 shift/reduce conflicts and 3 reduce/reduce conflicts
Conflicts:
----------
State 1 contains 1 shift/reduce conflict and 3 reduce/reduce conflicts
State 2 contains 1 shift/reduce conflict
State 4 contains 1 shift/reduce conflict

Rules:
------
0:	$start -> s $end
1:	s -> /* empty */
2:	s -> s ws
3:	s -> s ns
4:	ns -> /* empty */
5:	ns -> ns NUM
6:	ws -> /* empty */
7:	ws -> ws ID

States:
-------
State 0:

	$start -> . s $end	(Rule 0)

	$default	reduce using rule 1 (s)

	s	go to state 1

State 1:

	$start -> s . $end	(Rule 0)
	s -> s . ws	(Rule 2)
	s -> s . ns	(Rule 3)

	$end	shift, and go to state 3

	$end	[reduce using rule 6 (ws)]
	$end	[reduce using rule 4 (ns)]
	ID	[reduce using rule 6 (ws)]
	ID	reduce using rule 4 (ns)
	NUM	[reduce using rule 6 (ws)]
	NUM	reduce using rule 4 (ns)

	ws	go to state 4
	ns	go to state 2

State 2:

	s -> s ns .	(Rule 3)
	ns -> ns . NUM	(Rule 5)

	NUM	shift, and go to state 5

	$end	reduce using rule 3 (s)
	ID	reduce using rule 3 (s)
	NUM	[reduce using rule 3 (s)]

State 3:

	$start -> s $end .	(Rule 0)

	$default	accept

State 4:

	s -> s ws .	(Rule 2)
	ws -> ws . ID	(Rule 7)

	ID	shift, and go to state 6

	$end	reduce using rule 2 (s)
	ID	[reduce using rule 2 (s)]
	NUM	reduce using rule 2 (s)

State 5:

	ns -> ns NUM .	(Rule 5)

	$default	reduce using rule 5 (ns)

State 6:

	ws -> ws ID .	(Rule 7)

	$default	reduce using rule 7 (ws)


Summary:
--------
Number of rules         : 8
Number of terminals     : 3
Number of non-terminals : 4
Number of states        : 7
